<?xml version="1.0" encoding="UTF-8"?>
<!-- Generated by org.testng.reporters.JUnitReportReporter -->
<testsuite hostname="Ram" failures="0" tests="2" name="testcases.LoginExcelTest" time="28.489" errors="0" timestamp="2025-03-21T23:21:13 IST" skipped="0">
  <testcase classname="testcases.LoginExcelTest" name="validateLogin" time="8.726"/>
  <system-out/>
  <testcase classname="testcases.LoginExcelTest" name="validateLogin" time="19.763"/>
  <system-out/>
</testsuite> <!-- testcases.LoginExcelTest -->
