<?xml version="1.0" encoding="UTF-8"?>
<!-- Generated by org.testng.reporters.JUnitReportReporter -->
<testsuite hostname="Ram" failures="0" tests="1" name="testcases.LoginTest" time="23.797" errors="0" timestamp="2025-03-25T12:55:18 IST" skipped="0">
  <testcase classname="testcases.LoginTest" name="loginUser" time="23.797"/>
  <system-out/>
</testsuite> <!-- testcases.LoginTest -->
