<?xml version="1.0" encoding="UTF-8"?>
<!-- Generated by org.testng.reporters.JUnitReportReporter -->
<testsuite hostname="Ram" failures="0" tests="1" name="testcases.AddMultipleProductsTest" time="41.941" errors="0" timestamp="2025-03-24T15:44:27 IST" skipped="0">
  <testcase classname="testcases.AddMultipleProductsTest" name="testAddingMultipleProducts" time="41.941"/>
  <system-out/>
</testsuite> <!-- testcases.AddMultipleProductsTest -->
