<?xml version="1.0" encoding="UTF-8"?>
<!-- Generated by org.testng.reporters.JUnitReportReporter -->
<testsuite hostname="Ram" failures="0" tests="2" name="runner.TestNGRunner" time="13.144" errors="0" timestamp="2025-03-22T01:07:40 IST" skipped="0">
  <testcase classname="runner.TestNGRunner" name="runScenario" time="6.797"/>
  <system-out/>
  <testcase classname="runner.TestNGRunner" name="runScenario" time="6.347"/>
  <system-out/>
</testsuite> <!-- runner.TestNGRunner -->
