<?xml version="1.0" encoding="UTF-8"?>
<!-- Generated by org.testng.reporters.JUnitReportReporter -->
<testsuite hostname="Ram" failures="0" tests="2" name="runner.TestNGRunner" time="21.506" errors="0" timestamp="2025-03-25T12:55:18 IST" skipped="0">
  <testcase classname="runner.TestNGRunner" name="runScenario" time="11.062"/>
  <system-out/>
  <testcase classname="runner.TestNGRunner" name="runScenario" time="10.444"/>
  <system-out/>
</testsuite> <!-- runner.TestNGRunner -->
