<?xml version="1.0" encoding="UTF-8"?>
<!-- Generated by org.testng.reporters.JUnitReportReporter -->
<testsuite hostname="Ram" failures="0" tests="1" name="testcases.CheckoutTest" time="35.690" errors="0" timestamp="2025-03-25T12:55:18 IST" skipped="0">
  <testcase classname="testcases.CheckoutTest" name="testCheckout" time="35.690"/>
  <system-out/>
</testsuite> <!-- testcases.CheckoutTest -->
