<?xml version="1.0" encoding="UTF-8"?>
<!-- Generated by org.testng.reporters.JUnitReportReporter -->
<testsuite hostname="Ram" failures="0" tests="1" name="testcases.LoginTest" time="22.188" errors="0" timestamp="2025-03-24T15:41:34 IST" skipped="0">
  <testcase classname="testcases.LoginTest" name="loginUser" time="22.188"/>
  <system-out/>
</testsuite> <!-- testcases.LoginTest -->
