<?xml version="1.0" encoding="UTF-8"?>
<!-- Generated by org.testng.reporters.JUnitReportReporter -->
<testsuite hostname="Ram" failures="0" tests="1" name="testcases.RegistrationTest" time="16.512" errors="0" timestamp="2025-03-22T01:07:40 IST" skipped="0">
  <testcase classname="testcases.RegistrationTest" name="registerUser" time="16.512"/>
  <system-out/>
</testsuite> <!-- testcases.RegistrationTest -->
