<?xml version="1.0" encoding="UTF-8"?>
<!-- Generated by org.testng.reporters.JUnitReportReporter -->
<testsuite hostname="Ram" failures="0" tests="1" name="testcases.ProductSearchTest" time="24.913" errors="0" timestamp="2025-03-24T23:57:03 IST" skipped="0">
  <testcase classname="testcases.ProductSearchTest" name="testProductSearchAndAddToCart" time="24.913"/>
  <system-out/>
</testsuite> <!-- testcases.ProductSearchTest -->
