<?xml version="1.0" encoding="UTF-8"?>
<!-- Generated by org.testng.reporters.JUnitReportReporter -->
<testsuite hostname="Ram" failures="0" tests="1" name="testcases.ProductSearchTest" time="22.581" errors="0" timestamp="2025-03-22T13:02:44 IST" skipped="0">
  <testcase classname="testcases.ProductSearchTest" name="testProductSearchAndAddToCart" time="22.581"/>
  <system-out/>
</testsuite> <!-- testcases.ProductSearchTest -->
