<?xml version="1.0" encoding="UTF-8"?>
<!-- Generated by org.testng.reporters.JUnitReportReporter -->
<testsuite hostname="Ram" failures="0" tests="2" name="runner.TestNGRunner" time="14.683" errors="0" timestamp="2025-03-25T10:39:19 IST" skipped="0">
  <testcase classname="runner.TestNGRunner" name="runScenario" time="7.684"/>
  <system-out/>
  <testcase classname="runner.TestNGRunner" name="runScenario" time="6.999"/>
  <system-out/>
</testsuite> <!-- runner.TestNGRunner -->
