<?xml version="1.0" encoding="UTF-8"?>
<!-- Generated by org.testng.reporters.JUnitReportReporter -->
<testsuite hostname="Ram" failures="0" tests="1" name="testcases.LoginTest" time="22.341" errors="0" timestamp="2025-03-21T23:20:19 IST" skipped="0">
  <testcase classname="testcases.LoginTest" name="loginUser" time="22.341"/>
  <system-out/>
</testsuite> <!-- testcases.LoginTest -->
