<?xml version="1.0" encoding="UTF-8"?>
<!-- Generated by org.testng.reporters.JUnitReportReporter -->
<testsuite hostname="Ram" failures="0" tests="2" name="testcases.LoginExcelTest" time="30.585" errors="0" timestamp="2025-03-22T01:02:56 IST" skipped="0">
  <testcase classname="testcases.LoginExcelTest" name="validateLogin" time="9.407"/>
  <system-out/>
  <testcase classname="testcases.LoginExcelTest" name="validateLogin" time="21.178"/>
  <system-out/>
</testsuite> <!-- testcases.LoginExcelTest -->
