<?xml version="1.0" encoding="UTF-8"?>
<!-- Generated by org.testng.reporters.JUnitReportReporter -->
<testsuite hostname="Ram" failures="0" tests="1" name="testcases.AddMultipleProductsTest" time="42.540" errors="0" timestamp="2025-03-25T12:55:18 IST" skipped="0">
  <testcase classname="testcases.AddMultipleProductsTest" name="testAddingMultipleProducts" time="42.540"/>
  <system-out/>
</testsuite> <!-- testcases.AddMultipleProductsTest -->
