<?xml version="1.0" encoding="UTF-8"?>
<!-- Generated by org.testng.reporters.JUnitReportReporter -->
<testsuite hostname="Ram" failures="0" tests="1" name="testcases.RegistrationTest" time="16.569" errors="0" timestamp="2025-03-25T10:39:19 IST" skipped="0">
  <testcase classname="testcases.RegistrationTest" name="registerUser" time="16.569"/>
  <system-out/>
</testsuite> <!-- testcases.RegistrationTest -->
